<?xml version="1.0" encoding="utf-8"?>
<coverage line-rate="0.6848000000000001" branch-rate="0.6156" version="1.9" timestamp="1776833226" lines-covered="1717" lines-valid="2507" branches-covered="785" branches-valid="1275">
  <sources>
    <source>/Users/jeffsteinbok/Documents/GitHub/jefffopolydeal/src/backend/</source>
  </sources>
  <packages>
    <package name="JeffopolyDeal" line-rate="0.6848000000000001" branch-rate="0.6156" complexity="1446">
      <classes>
        <class name="Program" filename="Program.cs" line-rate="0" branch-rate="0" complexity="2">
          <methods>
            <method name="&lt;Main&gt;$" signature="(System.String[])" line-rate="0" branch-rate="0" complexity="2">
              <lines>
                <line number="10" hits="0" branch="False" />
                <line number="12" hits="0" branch="False" />
                <line number="13" hits="0" branch="False" />
                <line number="14" hits="0" branch="False" />
                <line number="15" hits="0" branch="False" />
                <line number="16" hits="0" branch="False" />
                <line number="17" hits="0" branch="False" />
                <line number="19" hits="0" branch="False" />
                <line number="21" hits="0" branch="True" condition-coverage="0% (0/2)">
                  <conditions>
                    <condition number="87" type="jump" coverage="0%" />
                  </conditions>
                </line>
                <line number="22" hits="0" branch="False" />
                <line number="23" hits="0" branch="False" />
                <line number="27" hits="0" branch="False" />
                <line number="29" hits="0" branch="False" />
                <line number="30" hits="0" branch="False" />
                <line number="31" hits="0" branch="False" />
                <line number="34" hits="0" branch="False" />
                <line number="35" hits="0" branch="False" />
                <line number="36" hits="0" branch="False" />
                <line number="38" hits="0" branch="False" />
                <line number="39" hits="0" branch="False" />
                <line number="42" hits="0" branch="False" />
                <line number="43" hits="0" branch="False" />
                <line number="44" hits="0" branch="False" />
                <line number="45" hits="0" branch="False" />
                <line number="46" hits="0" branch="False" />
                <line number="47" hits="0" branch="False" />
                <line number="48" hits="0" branch="False" />
                <line number="49" hits="0" branch="False" />
                <line number="50" hits="0" branch="False" />
                <line number="51" hits="0" branch="False" />
                <line number="53" hits="0" branch="False" />
              </lines>
            </method>
          </methods>
          <lines>
            <line number="10" hits="0" branch="False" />
            <line number="12" hits="0" branch="False" />
            <line number="13" hits="0" branch="False" />
            <line number="14" hits="0" branch="False" />
            <line number="15" hits="0" branch="False" />
            <line number="16" hits="0" branch="False" />
            <line number="17" hits="0" branch="False" />
            <line number="19" hits="0" branch="False" />
            <line number="21" hits="0" branch="True" condition-coverage="0% (0/2)">
              <conditions>
                <condition number="87" type="jump" coverage="0%" />
              </conditions>
            </line>
            <line number="22" hits="0" branch="False" />
            <line number="23" hits="0" branch="False" />
            <line number="27" hits="0" branch="False" />
            <line number="29" hits="0" branch="False" />
            <line number="30" hits="0" branch="False" />
            <line number="31" hits="0" branch="False" />
            <line number="34" hits="0" branch="False" />
            <line number="35" hits="0" branch="False" />
            <line number="36" hits="0" branch="False" />
            <line number="38" hits="0" branch="False" />
            <line number="39" hits="0" branch="False" />
            <line number="42" hits="0" branch="False" />
            <line number="43" hits="0" branch="False" />
            <line number="44" hits="0" branch="False" />
            <line number="45" hits="0" branch="False" />
            <line number="46" hits="0" branch="False" />
            <line number="47" hits="0" branch="False" />
            <line number="48" hits="0" branch="False" />
            <line number="49" hits="0" branch="False" />
            <line number="50" hits="0" branch="False" />
            <line number="51" hits="0" branch="False" />
            <line number="53" hits="0" branch="False" />
          </lines>
        </class>
        <class name="JeffopolyDeal.BotAI" filename="BotAI.cs" line-rate="0.4278" branch-rate="0.3829" complexity="144">
          <methods>
            <method name="IsBot" signature="(System.String)" line-rate="1" branch-rate="1" complexity="1">
              <lines>
                <line number="15" hits="223" branch="False" />
              </lines>
            </method>
            <method name="PlayTurn" signature="(JeffopolyDeal.Models.Player,System.Collections.Generic.List`1&lt;JeffopolyDeal.Models.Player&gt;,JeffopolyDeal.Models.Deck,System.Func`4&lt;JeffopolyDeal.Models.Player,JeffopolyDeal.Models.Card,JeffopolyDeal.PlayCardRequest,System.Boolean&gt;,System.Int32)" line-rate="0.8125" branch-rate="0.9" complexity="10">
              <lines>
                <line number="23" hits="10" branch="False" />
                <line number="25" hits="10" branch="False" />
                <line number="26" hits="26" branch="True" condition-coverage="100% (4/4)">
                  <conditions>
                    <condition number="114" type="jump" coverage="100%" />
                    <condition number="91" type="jump" coverage="100%" />
                  </conditions>
                </line>
                <line number="27" hits="20" branch="False" />
                <line number="28" hits="20" branch="False" />
                <line number="29" hits="21" branch="True" condition-coverage="100% (2/2)">
                  <conditions>
                    <condition number="22" type="jump" coverage="100%" />
                  </conditions>
                </line>
                <line number="31" hits="19" branch="False" />
                <line number="32" hits="19" branch="True" condition-coverage="50% (1/2)">
                  <conditions>
                    <condition number="43" type="jump" coverage="50%" />
                  </conditions>
                </line>
                <line number="33" hits="0" branch="False" />
                <line number="35" hits="0" branch="False" />
                <line number="36" hits="0" branch="False" />
                <line number="38" hits="19" branch="False" />
                <line number="39" hits="19" branch="False" />
                <line number="40" hits="22" branch="True" condition-coverage="100% (2/2)">
                  <conditions>
                    <condition number="83" type="jump" coverage="100%" />
                  </conditions>
                </line>
                <line number="41" hits="16" branch="False" />
                <line number="42" hits="10" branch="False" />
              </lines>
            </method>
            <method name="PickCardToPlay" signature="(JeffopolyDeal.Models.Player,System.Collections.Generic.List`1&lt;JeffopolyDeal.Models.Player&gt;)" line-rate="0.9309999999999999" branch-rate="0.5454" complexity="44">
              <lines>
                <line number="48" hits="20" branch="False" />
                <line number="50" hits="99" branch="False" />
                <line number="51" hits="26" branch="True" condition-coverage="100% (2/2)">
                  <conditions>
                    <condition number="70" type="jump" coverage="100%" />
                  </conditions>
                </line>
                <line number="53" hits="51" branch="False" />
                <line number="54" hits="23" branch="True" condition-coverage="100% (2/2)">
                  <conditions>
                    <condition number="136" type="jump" coverage="100%" />
                  </conditions>
                </line>
                <line number="56" hits="17" branch="False" />
                <line number="57" hits="6" branch="True" condition-coverage="100% (2/2)">
                  <conditions>
                    <condition number="202" type="jump" coverage="100%" />
                  </conditions>
                </line>
                <line number="59" hits="9" branch="False" />
                <line number="60" hits="5" branch="True" condition-coverage="100% (2/2)">
                  <conditions>
                    <condition number="270" type="jump" coverage="100%" />
                  </conditions>
                </line>
                <line number="62" hits="7" branch="True" condition-coverage="50% (1/2)">
                  <conditions>
                    <condition number="7" type="jump" coverage="50%" />
                  </conditions>
                </line>
                <line number="63" hits="3" branch="True" condition-coverage="50% (1/2)">
                  <conditions>
                    <condition number="320" type="jump" coverage="50%" />
                  </conditions>
                </line>
                <line number="66" hits="3" branch="False" />
                <line number="67" hits="7" branch="True" condition-coverage="100% (8/8)">
                  <conditions>
                    <condition number="7" type="jump" coverage="100%" />
                    <condition number="24" type="jump" coverage="100%" />
                    <condition number="41" type="jump" coverage="100%" />
                    <condition number="58" type="jump" coverage="100%" />
                  </conditions>
                </line>
                <line number="68" hits="7" branch="False" />
                <line number="69" hits="7" branch="False" />
                <line number="70" hits="7" branch="False" />
                <line number="71" hits="7" branch="False" />
                <line number="72" hits="4" branch="True" condition-coverage="100% (2/2)">
                  <conditions>
                    <condition number="389" type="jump" coverage="100%" />
                  </conditions>
                </line>
                <line number="75" hits="5" branch="False" />
                <line number="76" hits="2" branch="True" condition-coverage="20% (2/10)">
                  <conditions>
                    <condition number="451" type="jump" coverage="50%" />
                    <condition number="507" type="jump" coverage="50%" />
                    <condition number="6" type="jump" coverage="0%" />
                    <condition number="14" type="jump" coverage="0%" />
                    <condition number="23" type="jump" coverage="0%" />
                  </conditions>
                </line>
                <line number="77" hits="2" branch="False" />
                <line number="78" hits="0" branch="False" />
                <line number="80" hits="5" branch="False" />
                <line number="81" hits="2" branch="True" condition-coverage="16.66% (2/12)">
                  <conditions>
                    <condition number="569" type="jump" coverage="50%" />
                    <condition number="625" type="jump" coverage="50%" />
                    <condition number="6" type="jump" coverage="0%" />
                    <condition number="14" type="jump" coverage="0%" />
                    <condition number="22" type="jump" coverage="0%" />
                    <condition number="31" type="jump" coverage="0%" />
                  </conditions>
                </line>
                <line number="82" hits="2" branch="False" />
                <line number="83" hits="0" branch="False" />
                <line number="86" hits="2" branch="False" />
                <line number="87" hits="5" branch="False" />
                <line number="88" hits="20" branch="False" />
              </lines>
            </method>
            <method name="HasPropertiesForRent" signature="(JeffopolyDeal.Models.Player,JeffopolyDeal.Models.Card)" line-rate="0" branch-rate="0" complexity="6">
              <lines>
                <line number="91" hits="0" branch="False" />
                <line number="92" hits="0" branch="True" condition-coverage="0% (0/2)">
                  <conditions>
                    <condition number="22" type="jump" coverage="0%" />
                  </conditions>
                </line>
                <line number="93" hits="0" branch="False" />
                <line number="95" hits="0" branch="True" condition-coverage="0% (0/2)">
                  <conditions>
                    <condition number="85" type="jump" coverage="0%" />
                  </conditions>
                </line>
                <line number="96" hits="0" branch="False" />
                <line number="97" hits="0" branch="True" condition-coverage="0% (0/2)">
                  <conditions>
                    <condition number="12" type="jump" coverage="0%" />
                  </conditions>
                </line>
                <line number="98" hits="0" branch="False" />
              </lines>
            </method>
            <method name="BuildRequest" signature="(JeffopolyDeal.Models.Player,JeffopolyDeal.Models.Card,System.Collections.Generic.List`1&lt;JeffopolyDeal.Models.Player&gt;)" line-rate="0.6428" branch-rate="0.5" complexity="10">
              <lines>
                <line number="101" hits="19" branch="False" />
                <line number="102" hits="76" branch="False" />
                <line number="104" hits="19" branch="True" condition-coverage="66.66% (4/6)">
                  <conditions>
                    <condition number="48" type="switch" coverage="66.66%" />
                  </conditions>
                </line>
                <line number="107" hits="6" branch="False" />
                <line number="110" hits="9" branch="False" />
                <line number="113" hits="1" branch="True" condition-coverage="50% (1/2)">
                  <conditions>
                    <condition number="128" type="jump" coverage="50%" />
                  </conditions>
                </line>
                <line number="114" hits="0" branch="False" />
                <line number="116" hits="0" branch="True" condition-coverage="0% (0/2)">
                  <conditions>
                    <condition number="148" type="jump" coverage="0%" />
                  </conditions>
                </line>
                <line number="117" hits="0" branch="False" />
                <line number="119" hits="1" branch="False" />
                <line number="122" hits="0" branch="False" />
                <line number="125" hits="3" branch="False" />
                <line number="128" hits="0" branch="False" />
                <line number="130" hits="19" branch="False" />
              </lines>
            </method>
            <method name="BuildRentRequest" signature="(JeffopolyDeal.Models.Player,JeffopolyDeal.Models.Card,System.Collections.Generic.List`1&lt;JeffopolyDeal.Models.Player&gt;)" line-rate="0" branch-rate="0" complexity="14">
              <lines>
                <line number="133" hits="0" branch="False" />
                <line number="134" hits="0" branch="True" condition-coverage="0% (0/2)">
                  <conditions>
                    <condition number="25" type="jump" coverage="0%" />
                  </conditions>
                </line>
                <line number="136" hits="0" branch="False" />
                <line number="138" hits="0" branch="True" condition-coverage="0% (0/2)">
                  <conditions>
                    <condition number="64" type="jump" coverage="0%" />
                  </conditions>
                </line>
                <line number="139" hits="0" branch="False" />
                <line number="140" hits="0" branch="False" />
                <line number="141" hits="0" branch="False" />
                <line number="142" hits="0" branch="False" />
                <line number="143" hits="0" branch="True" condition-coverage="0% (0/2)">
                  <conditions>
                    <condition number="133" type="jump" coverage="0%" />
                  </conditions>
                </line>
                <line number="144" hits="0" branch="False" />
                <line number="145" hits="0" branch="False" />
                <line number="146" hits="0" branch="False" />
                <line number="147" hits="0" branch="False" />
                <line number="148" hits="0" branch="False" />
                <line number="149" hits="0" branch="False" />
                <line number="150" hits="0" branch="False" />
                <line number="151" hits="0" branch="False" />
                <line number="155" hits="0" branch="True" condition-coverage="0% (0/2)">
                  <conditions>
                    <condition number="243" type="jump" coverage="0%" />
                  </conditions>
                </line>
                <line number="156" hits="0" branch="False" />
                <line number="157" hits="0" branch="False" />
                <line number="158" hits="0" branch="True" condition-coverage="0% (0/2)">
                  <conditions>
                    <condition number="12" type="jump" coverage="0%" />
                  </conditions>
                </line>
                <line number="159" hits="0" branch="True" condition-coverage="0% (0/2)">
                  <conditions>
                    <condition number="42" type="jump" coverage="0%" />
                  </conditions>
                </line>
                <line number="160" hits="0" branch="False" />
                <line number="161" hits="0" branch="False" />
                <line number="163" hits="0" branch="True" condition-coverage="0% (0/2)">
                  <conditions>
                    <condition number="313" type="jump" coverage="0%" />
                  </conditions>
                </line>
                <line number="165" hits="0" branch="False" />
                <line number="166" hits="0" branch="False" />
                <line number="167" hits="0" branch="False" />
                <line number="168" hits="0" branch="False" />
                <line number="169" hits="0" branch="False" />
                <line number="170" hits="0" branch="False" />
              </lines>
            </method>
            <method name="BuildActionRequest" signature="(JeffopolyDeal.Models.Player,JeffopolyDeal.Models.Card,System.Collections.Generic.List`1&lt;JeffopolyDeal.Models.Player&gt;)" line-rate="0.1304" branch-rate="0.1702" complexity="47">
              <lines>
                <line number="173" hits="3" branch="False" />
                <line number="174" hits="3" branch="True" condition-coverage="50% (1/2)">
                  <conditions>
                    <condition number="12" type="jump" coverage="50%" />
                  </conditions>
                </line>
                <line number="176" hits="3" branch="True" condition-coverage="53.84% (7/13)">
                  <conditions>
                    <condition number="51" type="jump" coverage="100%" />
                    <condition number="65" type="switch" coverage="45.45%" />
                  </conditions>
                </line>
                <line number="179" hits="1" branch="False" />
                <line number="182" hits="1" branch="False" />
                <line number="183" hits="1" branch="False" />
                <line number="184" hits="1" branch="False" />
                <line number="188" hits="0" branch="False" />
                <line number="191" hits="0" branch="False" />
                <line number="193" hits="0" branch="True" condition-coverage="0% (0/2)">
                  <conditions>
                    <condition number="365" type="jump" coverage="0%" />
                  </conditions>
                </line>
                <line number="194" hits="0" branch="False" />
                <line number="195" hits="0" branch="False" />
                <line number="196" hits="0" branch="True" condition-coverage="0% (0/2)">
                  <conditions>
                    <condition number="276" type="jump" coverage="0%" />
                  </conditions>
                </line>
                <line number="197" hits="0" branch="False" />
                <line number="198" hits="0" branch="False" />
                <line number="199" hits="0" branch="False" />
                <line number="200" hits="0" branch="False" />
                <line number="201" hits="0" branch="False" />
                <line number="202" hits="0" branch="False" />
                <line number="203" hits="0" branch="False" />
                <line number="204" hits="0" branch="False" />
                <line number="206" hits="0" branch="False" />
                <line number="207" hits="0" branch="False" />
                <line number="211" hits="0" branch="False" />
                <line number="212" hits="0" branch="False" />
                <line number="213" hits="0" branch="True" condition-coverage="0% (0/2)">
                  <conditions>
                    <condition number="424" type="jump" coverage="0%" />
                  </conditions>
                </line>
                <line number="215" hits="0" branch="True" condition-coverage="0% (0/2)">
                  <conditions>
                    <condition number="684" type="jump" coverage="0%" />
                  </conditions>
                </line>
                <line number="216" hits="0" branch="False" />
                <line number="217" hits="0" branch="False" />
                <line number="218" hits="0" branch="True" condition-coverage="0% (0/2)">
                  <conditions>
                    <condition number="528" type="jump" coverage="0%" />
                  </conditions>
                </line>
                <line number="219" hits="0" branch="False" />
                <line number="221" hits="0" branch="False" />
                <line number="222" hits="0" branch="False" />
                <line number="223" hits="0" branch="False" />
                <line number="224" hits="0" branch="False" />
                <line number="225" hits="0" branch="False" />
                <line number="226" hits="0" branch="False" />
                <line number="227" hits="0" branch="False" />
                <line number="228" hits="0" branch="False" />
                <line number="229" hits="0" branch="False" />
                <line number="231" hits="0" branch="False" />
                <line number="232" hits="0" branch="False" />
                <line number="236" hits="0" branch="False" />
                <line number="237" hits="0" branch="True" condition-coverage="0% (0/2)">
                  <conditions>
                    <condition number="893" type="jump" coverage="0%" />
                  </conditions>
                </line>
                <line number="238" hits="0" branch="False" />
                <line number="239" hits="0" branch="False" />
                <line number="240" hits="0" branch="True" condition-coverage="0% (0/2)">
                  <conditions>
                    <condition number="804" type="jump" coverage="0%" />
                  </conditions>
                </line>
                <line number="241" hits="0" branch="False" />
                <line number="242" hits="0" branch="False" />
                <line number="243" hits="0" branch="False" />
                <line number="244" hits="0" branch="False" />
                <line number="245" hits="0" branch="False" />
                <line number="246" hits="0" branch="False" />
                <line number="247" hits="0" branch="False" />
                <line number="248" hits="0" branch="False" />
                <line number="250" hits="0" branch="False" />
                <line number="251" hits="0" branch="False" />
                <line number="255" hits="0" branch="False" />
                <line number="256" hits="0" branch="True" condition-coverage="0% (0/6)">
                  <conditions>
                    <condition number="6" type="jump" coverage="0%" />
                    <condition number="14" type="jump" coverage="0%" />
                    <condition number="23" type="jump" coverage="0%" />
                  </conditions>
                </line>
                <line number="257" hits="0" branch="False" />
                <line number="258" hits="0" branch="True" condition-coverage="0% (0/2)">
                  <conditions>
                    <condition number="983" type="jump" coverage="0%" />
                  </conditions>
                </line>
                <line number="259" hits="0" branch="False" />
                <line number="263" hits="0" branch="False" />
                <line number="264" hits="0" branch="True" condition-coverage="0% (0/8)">
                  <conditions>
                    <condition number="6" type="jump" coverage="0%" />
                    <condition number="14" type="jump" coverage="0%" />
                    <condition number="22" type="jump" coverage="0%" />
                    <condition number="31" type="jump" coverage="0%" />
                  </conditions>
                </line>
                <line number="265" hits="0" branch="False" />
                <line number="266" hits="0" branch="True" condition-coverage="0% (0/2)">
                  <conditions>
                    <condition number="1093" type="jump" coverage="0%" />
                  </conditions>
                </line>
                <line number="267" hits="0" branch="False" />
                <line number="271" hits="1" branch="False" />
                <line number="273" hits="3" branch="False" />
              </lines>
            </method>
            <method name="BuildResponse" signature="(JeffopolyDeal.Models.Player)" line-rate="0.8332999999999999" branch-rate="0.5" complexity="4">
              <lines>
                <line number="279" hits="6" branch="False" />
                <line number="281" hits="6" branch="False" />
                <line number="282" hits="6" branch="True" condition-coverage="50% (2/4)">
                  <conditions>
                    <condition number="45" type="jump" coverage="50%" />
                    <condition number="68" type="jump" coverage="50%" />
                  </conditions>
                </line>
                <line number="283" hits="0" branch="False" />
                <line number="284" hits="0" branch="False" />
                <line number="288" hits="6" branch="False" />
                <line number="289" hits="6" branch="False" />
                <line number="290" hits="2" branch="False" />
                <line number="291" hits="6" branch="False" />
                <line number="294" hits="12" branch="False" />
                <line number="295" hits="6" branch="False" />
                <line number="296" hits="6" branch="False" />
              </lines>
            </method>
            <method name="PickDiscards" signature="(JeffopolyDeal.Models.Player,System.Int32)" line-rate="1" branch-rate="1" complexity="6">
              <lines>
                <line number="302" hits="4" branch="False" />
                <line number="303" hits="4" branch="False" />
                <line number="304" hits="5" branch="True" condition-coverage="100% (2/2)">
                  <conditions>
                    <condition number="24" type="jump" coverage="100%" />
                  </conditions>
                </line>
                <line number="307" hits="3" branch="False" />
                <line number="308" hits="10" branch="True" condition-coverage="100% (2/2)">
                  <conditions>
                    <condition number="15" type="jump" coverage="100%" />
                  </conditions>
                </line>
                <line number="309" hits="10" branch="True" condition-coverage="100% (2/2)">
                  <conditions>
                    <condition number="7" type="jump" coverage="100%" />
                  </conditions>
                </line>
                <line number="310" hits="10" branch="False" />
                <line number="311" hits="3" branch="False" />
                <line number="312" hits="4" branch="False" />
                <line number="313" hits="3" branch="False" />
                <line number="314" hits="4" branch="False" />
              </lines>
            </method>
            <method name="PickRichestTarget" signature="(System.Collections.Generic.List`1&lt;JeffopolyDeal.Models.Player&gt;)" line-rate="1" branch-rate="1" complexity="1">
              <lines>
                <line number="317" hits="1" branch="False" />
                <line number="318" hits="3" branch="False" />
                <line number="319" hits="1" branch="False" />
              </lines>
            </method>
            <method name=".cctor" signature="()" line-rate="0" branch-rate="1" complexity="1">
              <lines>
                <line number="13" hits="0" branch="False" />
              </lines>
            </method>
          </methods>
          <lines>
            <line number="15" hits="223" branch="False" />
            <line number="23" hits="10" branch="False" />
            <line number="25" hits="10" branch="False" />
            <line number="26" hits="26" branch="True" condition-coverage="100% (4/4)">
              <conditions>
                <condition number="114" type="jump" coverage="100%" />
                <condition number="91" type="jump" coverage="100%" />
              </conditions>
            </line>
            <line number="27" hits="20" branch="False" />
            <line number="28" hits="20" branch="False" />
            <line number="29" hits="21" branch="True" condition-coverage="100% (2/2)">
              <conditions>
                <condition number="22" type="jump" coverage="100%" />
              </conditions>
            </line>
            <line number="31" hits="19" branch="False" />
            <line number="32" hits="19" branch="True" condition-coverage="50% (1/2)">
              <conditions>
                <condition number="43" type="jump" coverage="50%" />
              </conditions>
            </line>
            <line number="33" hits="0" branch="False" />
            <line number="35" hits="0" branch="False" />
            <line number="36" hits="0" branch="False" />
            <line number="38" hits="19" branch="False" />
            <line number="39" hits="19" branch="False" />
            <line number="40" hits="22" branch="True" condition-coverage="100% (2/2)">
              <conditions>
                <condition number="83" type="jump" coverage="100%" />
              </conditions>
            </line>
            <line number="41" hits="16" branch="False" />
            <line number="42" hits="10" branch="False" />
            <line number="48" hits="20" branch="False" />
            <line number="50" hits="99" branch="False" />
            <line number="51" hits="26" branch="True" condition-coverage="100% (2/2)">
              <conditions>
                <condition number="70" type="jump" coverage="100%" />
              </conditions>
            </line>
            <line number="53" hits="51" branch="False" />
            <line number="54" hits="23" branch="True" condition-coverage="100% (2/2)">
              <conditions>
                <condition number="136" type="jump" coverage="100%" />
              </conditions>
            </line>
            <line number="56" hits="17" branch="False" />
            <line number="57" hits="6" branch="True" condition-coverage="100% (2/2)">
              <conditions>
                <condition number="202" type="jump" coverage="100%" />
              </conditions>
            </line>
            <line number="59" hits="9" branch="False" />
            <line number="60" hits="5" branch="True" condition-coverage="100% (2/2)">
              <conditions>
                <condition number="270" type="jump" coverage="100%" />
              </conditions>
            </line>
            <line number="62" hits="7" branch="True" condition-coverage="50% (1/2)">
              <conditions>
                <condition number="7" type="jump" coverage="50%" />
              </conditions>
            </line>
            <line number="63" hits="3" branch="True" condition-coverage="50% (1/2)">
              <conditions>
                <condition number="320" type="jump" coverage="50%" />
              </conditions>
            </line>
            <line number="66" hits="3" branch="False" />
            <line number="67" hits="7" branch="True" condition-coverage="100% (8/8)">
              <conditions>
                <condition number="7" type="jump" coverage="100%" />
                <condition number="24" type="jump" coverage="100%" />
                <condition number="41" type="jump" coverage="100%" />
                <condition number="58" type="jump" coverage="100%" />
              </conditions>
            </line>
            <line number="68" hits="7" branch="False" />
            <line number="69" hits="7" branch="False" />
            <line number="70" hits="7" branch="False" />
            <line number="71" hits="7" branch="False" />
            <line number="72" hits="4" branch="True" condition-coverage="100% (2/2)">
              <conditions>
                <condition number="389" type="jump" coverage="100%" />
              </conditions>
            </line>
            <line number="75" hits="5" branch="False" />
            <line number="76" hits="2" branch="True" condition-coverage="20% (2/10)">
              <conditions>
                <condition number="451" type="jump" coverage="50%" />
                <condition number="507" type="jump" coverage="50%" />
                <condition number="6" type="jump" coverage="0%" />
                <condition number="14" type="jump" coverage="0%" />
                <condition number="23" type="jump" coverage="0%" />
              </conditions>
            </line>
            <line number="77" hits="2" branch="False" />
            <line number="78" hits="0" branch="False" />
            <line number="80" hits="5" branch="False" />
            <line number="81" hits="2" branch="True" condition-coverage="16.66% (2/12)">
              <conditions>
                <condition number="569" type="jump" coverage="50%" />
                <condition number="625" type="jump" coverage="50%" />
                <condition number="6" type="jump" coverage="0%" />
                <condition number="14" type="jump" coverage="0%" />
                <condition number="22" type="jump" coverage="0%" />
                <condition number="31" type="jump" coverage="0%" />
              </conditions>
            </line>
            <line number="82" hits="2" branch="False" />
            <line number="83" hits="0" branch="False" />
            <line number="86" hits="2" branch="False" />
            <line number="87" hits="5" branch="False" />
            <line number="88" hits="20" branch="False" />
            <line number="91" hits="0" branch="False" />
            <line number="92" hits="0" branch="True" condition-coverage="0% (0/2)">
              <conditions>
                <condition number="22" type="jump" coverage="0%" />
              </conditions>
            </line>
            <line number="93" hits="0" branch="False" />
            <line number="95" hits="0" branch="True" condition-coverage="0% (0/2)">
              <conditions>
                <condition number="85" type="jump" coverage="0%" />
              </conditions>
            </line>
            <line number="96" hits="0" branch="False" />
            <line number="97" hits="0" branch="True" condition-coverage="0% (0/2)">
              <conditions>
                <condition number="12" type="jump" coverage="0%" />
              </conditions>
            </line>
            <line number="98" hits="0" branch="False" />
            <line number="101" hits="19" branch="False" />
            <line number="102" hits="76" branch="False" />
            <line number="104" hits="19" branch="True" condition-coverage="66.66% (4/6)">
              <conditions>
                <condition number="48" type="switch" coverage="66.66%" />
              </conditions>
            </line>
            <line number="107" hits="6" branch="False" />
            <line number="110" hits="9" branch="False" />
            <line number="113" hits="1" branch="True" condition-coverage="50% (1/2)">
              <conditions>
                <condition number="128" type="jump" coverage="50%" />
              </conditions>
            </line>
            <line number="114" hits="0" branch="False" />
            <line number="116" hits="0" branch="True" condition-coverage="0% (0/2)">
              <conditions>
                <condition number="148" type="jump" coverage="0%" />
              </conditions>
            </line>
            <line number="117" hits="0" branch="False" />
            <line number="119" hits="1" branch="False" />
            <line number="122" hits="0" branch="False" />
            <line number="125" hits="3" branch="False" />
            <line number="128" hits="0" branch="False" />
            <line number="130" hits="19" branch="False" />
            <line number="133" hits="0" branch="False" />
            <line number="134" hits="0" branch="True" condition-coverage="0% (0/2)">
              <conditions>
                <condition number="25" type="jump" coverage="0%" />
              </conditions>
            </line>
            <line number="136" hits="0" branch="False" />
            <line number="138" hits="0" branch="True" condition-coverage="0% (0/2)">
              <conditions>
                <condition number="64" type="jump" coverage="0%" />
              </conditions>
            </line>
            <line number="139" hits="0" branch="False" />
            <line number="140" hits="0" branch="False" />
            <line number="141" hits="0" branch="False" />
            <line number="142" hits="0" branch="False" />
            <line number="143" hits="0" branch="True" condition-coverage="0% (0/2)">
              <conditions>
                <condition number="133" type="jump" coverage="0%" />
              </conditions>
            </line>
            <line number="144" hits="0" branch="False" />
            <line number="145" hits="0" branch="False" />
            <line number="146" hits="0" branch="False" />
            <line number="147" hits="0" branch="False" />
            <line number="148" hits="0" branch="False" />
            <line number="149" hits="0" branch="False" />
            <line number="150" hits="0" branch="False" />
            <line number="151" hits="0" branch="False" />
            <line number="155" hits="0" branch="True" condition-coverage="0% (0/2)">
              <conditions>
                <condition number="243" type="jump" coverage="0%" />
              </conditions>
            </line>
            <line number="156" hits="0" branch="False" />
            <line number="157" hits="0" branch="False" />
            <line number="158" hits="0" branch="True" condition-coverage="0% (0/2)">
              <conditions>
                <condition number="12" type="jump" coverage="0%" />
              </conditions>
            </line>
            <line number="159" hits="0" branch="True" condition-coverage="0% (0/2)">
              <conditions>
                <condition number="42" type="jump" coverage="0%" />
              </conditions>
            </line>
            <line number="160" hits="0" branch="False" />
            <line number="161" hits="0" branch="False" />
            <line number="163" hits="0" branch="True" condition-coverage="0% (0/2)">
              <conditions>
                <condition number="313" type="jump" coverage="0%" />
              </conditions>
            </line>
            <line number="165" hits="0" branch="False" />
            <line number="166" hits="0" branch="False" />
            <line number="167" hits="0" branch="False" />
            <line number="168" hits="0" branch="False" />
            <line number="169" hits="0" branch="False" />
            <line number="170" hits="0" branch="False" />
            <line number="173" hits="3" branch="False" />
            <line number="174" hits="3" branch="True" condition-coverage="50% (1/2)">
              <conditions>
                <condition number="12" type="jump" coverage="50%" />
              </conditions>
            </line>
            <line number="176" hits="3" branch="True" condition-coverage="53.84% (7/13)">
              <conditions>
                <condition number="51" type="jump" coverage="100%" />
                <condition number="65" type="switch" coverage="45.45%" />
              </conditions>
            </line>
            <line number="179" hits="1" branch="False" />
            <line number="182" hits="1" branch="False" />
            <line number="183" hits="1" branch="False" />
            <line number="184" hits="1" branch="False" />
            <line number="188" hits="0" branch="False" />
            <line number="191" hits="0" branch="False" />
            <line number="193" hits="0" branch="True" condition-coverage="0% (0/2)">
              <conditions>
                <condition number="365" type="jump" coverage="0%" />
              </conditions>
            </line>
            <line number="194" hits="0" branch="False" />
            <line number="195" hits="0" branch="False" />
            <line number="196" hits="0" branch="True" condition-coverage="0% (0/2)">
              <conditions>
                <condition number="276" type="jump" coverage="0%" />
              </conditions>
            </line>
            <line number="197" hits="0" branch="False" />
            <line number="198" hits="0" branch="False" />
            <line number="199" hits="0" branch="False" />
            <line number="200" hits="0" branch="False" />
            <line number="201" hits="0" branch="False" />
            <line number="202" hits="0" branch="False" />
            <line number="203" hits="0" branch="False" />
            <line number="204" hits="0" branch="False" />
            <line number="206" hits="0" branch="False" />
            <line number="207" hits="0" branch="False" />
            <line number="211" hits="0" branch="False" />
            <line number="212" hits="0" branch="False" />
            <line number="213" hits="0" branch="True" condition-coverage="0% (0/2)">
              <conditions>
                <condition number="424" type="jump" coverage="0%" />
              </conditions>
            </line>
            <line number="215" hits="0" branch="True" condition-coverage="0% (0/2)">
              <conditions>
                <condition number="684" type="jump" coverage="0%" />
              </conditions>
            </line>
            <line number="216" hits="0" branch="False" />
            <line number="217" hits="0" branch="False" />
            <line number="218" hits="0" branch="True" condition-coverage="0% (0/2)">
              <conditions>
                <condition number="528" type="jump" coverage="0%" />
              </conditions>
            </line>
            <line number="219" hits="0" branch="False" />
            <line number="221" hits="0" branch="False" />
            <line number="222" hits="0" branch="False" />
            <line number="223" hits="0" branch="False" />
            <line number="224" hits="0" branch="False" />
            <line number="225" hits="0" branch="False" />
            <line number="226" hits="0" branch="False" />
            <line number="227" hits="0" branch="False" />
            <line number="228" hits="0" branch="False" />
            <line number="229" hits="0" branch="False" />
            <line number="231" hits="0" branch="False" />
            <line number="232" hits="0" branch="False" />
            <line number="236" hits="0" branch="False" />
            <line number="237" hits="0" branch="True" condition-coverage="0% (0/2)">
              <conditions>
                <condition number="893" type="jump" coverage="0%" />
              </conditions>
            </line>
            <line number="238" hits="0" branch="False" />
            <line number="239" hits="0" branch="False" />
            <line number="240" hits="0" branch="True" condition-coverage="0% (0/2)">
              <conditions>
                <condition number="804" type="jump" coverage="0%" />
              </conditions>
            </line>
            <line number="241" hits="0" branch="False" />
            <line number="242" hits="0" branch="False" />
            <line number="243" hits="0" branch="False" />
            <line number="244" hits="0" branch="False" />
            <line number="245" hits="0" branch="False" />
            <line number="246" hits="0" branch="False" />
            <line number="247" hits="0" branch="False" />
            <line number="248" hits="0" branch="False" />
            <line number="250" hits="0" branch="False" />
            <line number="251" hits="0" branch="False" />
            <line number="255" hits="0" branch="False" />
            <line number="256" hits="0" branch="True" condition-coverage="0% (0/6)">
              <conditions>
                <condition number="6" type="jump" coverage="0%" />
                <condition number="14" type="jump" coverage="0%" />
                <condition number="23" type="jump" coverage="0%" />
              </conditions>
            </line>
            <line number="257" hits="0" branch="False" />
            <line number="258" hits="0" branch="True" condition-coverage="0% (0/2)">
              <conditions>
                <condition number="983" type="jump" coverage="0%" />
              </conditions>
            </line>
            <line number="259" hits="0" branch="False" />
            <line number="263" hits="0" branch="False" />
            <line number="264" hits="0" branch="True" condition-coverage="0% (0/8)">
              <conditions>
                <condition number="6" type="jump" coverage="0%" />
                <condition number="14" type="jump" coverage="0%" />
                <condition number="22" type="jump" coverage="0%" />
                <condition number="31" type="jump" coverage="0%" />
              </conditions>
            </line>
            <line number="265" hits="0" branch="False" />
            <line number="266" hits="0" branch="True" condition-coverage="0% (0/2)">
              <conditions>
                <condition number="1093" type="jump" coverage="0%" />
              </conditions>
            </line>
            <line number="267" hits="0" branch="False" />
            <line number="271" hits="1" branch="False" />
            <line number="273" hits="3" branch="False" />
            <line number="279" hits="6" branch="False" />
            <line number="281" hits="6" branch="False" />
            <line number="282" hits="6" branch="True" condition-coverage="50% (2/4)">
              <conditions>
                <condition number="45" type="jump" coverage="50%" />
                <condition number="68" type="jump" coverage="50%" />
              </conditions>
            </line>
            <line number="283" hits="0" branch="False" />
            <line number="284" hits="0" branch="False" />
            <line number="288" hits="6" branch="False" />
            <line number="289" hits="6" branch="False" />
            <line number="290" hits="2" branch="False" />
            <line number="291" hits="6" branch="False" />
            <line number="294" hits="12" branch="False" />
            <line number="295" hits="6" branch="False" />
            <line number="296" hits="6" branch="False" />
            <line number="302" hits="4" branch="False" />
            <line number="303" hits="4" branch="False" />
            <line number="304" hits="5" branch="True" condition-coverage="100% (2/2)">
              <conditions>
                <condition number="24" type="jump" coverage="100%" />
              </conditions>
            </line>
            <line number="307" hits="3" branch="False" />
            <line number="308" hits="10" branch="True" condition-coverage="100% (2/2)">
              <conditions>
                <condition number="15" type="jump" coverage="100%" />
              </conditions>
            </line>
            <line number="309" hits="10" branch="True" condition-coverage="100% (2/2)">
              <conditions>
                <condition number="7" type="jump" coverage="100%" />
              </conditions>
            </line>
            <line number="310" hits="10" branch="False" />
            <line number="311" hits="3" branch="False" />
            <line number="312" hits="4" branch="False" />
            <line number="313" hits="3" branch="False" />
            <line number="314" hits="4" branch="False" />
            <line number="317" hits="1" branch="False" />
            <line number="318" hits="3" branch="False" />
            <line number="319" hits="1" branch="False" />
            <line number="13" hits="0" branch="False" />
          </lines>
        </class>
        <class name="JeffopolyDeal.Game" filename="Game.cs" line-rate="0.809" branch-rate="0.6769" complexity="755">
          <methods>
            <method name="get_GameCode" signature="()" line-rate="1" branch-rate="1" complexity="1">
              <lines>
                <line number="23" hits="1447" branch="False" />
              </lines>
            </method>
            <method name="get_ThemeName" signature="()" line-rate="1" branch-rate="1" complexity="1">
              <lines>
                <line number="24" hits="152" branch="False" />
              </lines>
            </method>
            <method name="get_IsEmpty" signature="()" line-rate="0" branch-rate="1" complexity="1">
              <lines>
                <line number="51" hits="0" branch="False" />
              </lines>
            </method>
            <method name="get_ConnectedPlayerCount" signature="()" line-rate="0" branch-rate="1" complexity="1">
              <lines>
                <line number="62" hits="0" branch="False" />
              </lines>
            </method>
            <method name="get_CanBeDeleted" signature="()" line-rate="0" branch-rate="0" complexity="4">
              <lines>
                <line number="136" hits="0" branch="True" condition-coverage="0% (0/4)">
                  <conditions>
                    <condition number="31" type="jump" coverage="0%" />
                    <condition number="39" type="jump" coverage="0%" />
                  </conditions>
                </line>
              </lines>
            </method>
            <method name="AddBotPlayers" signature="(System.Int32)" line-rate="1" branch-rate="0.8332999999999999" complexity="6">
              <lines>
                <line number="252" hits="1" branch="False" />
                <line number="253" hits="1" branch="False" />
                <line number="254" hits="1" branch="False" />
                <line number="255" hits="1" branch="True" condition-coverage="50% (1/2)">
                  <conditions>
                    <condition number="31" type="jump" coverage="50%" />
                  </conditions>
                </line>
                <line number="256" hits="1" branch="False" />
                <line number="257" hits="8" branch="True" condition-coverage="100% (4/4)">
                  <conditions>
                    <condition number="242" type="jump" coverage="100%" />
                    <condition number="219" type="jump" coverage="100%" />
                  </conditions>
                </line>
                <line number="258" hits="3" branch="False" />
                <line number="259" hits="3" branch="False" />
                <line number="260" hits="3" branch="False" />
                <line number="261" hits="3" branch="False" />
                <line number="262" hits="3" branch="False" />
                <line number="263" hits="3" branch="False" />
                <line number="264" hits="1" branch="False" />
                <line number="265" hits="1" branch="False" />
              </lines>
            </method>
            <method name="PopulateBoardsForDebug" signature="()" line-rate="1" branch-rate="0.9062" complexity="32">
              <lines>
                <line number="272" hits="1" branch="False" />
                <line number="273" hits="1" branch="False" />
                <line number="275" hits="7" branch="True" condition-coverage="100% (2/2)">
                  <conditions>
                    <condition number="761" type="jump" coverage="100%" />
                  </conditions>
                </line>
                <line number="276" hits="2" branch="False" />
                <line number="278" hits="2" branch="False" />
                <line number="279" hits="22" branch="True" condition-coverage="100% (2/2)">
                  <conditions>
                    <condition number="203" type="jump" coverage="100%" />
                  </conditions>
                </line>
                <line number="280" hits="9" branch="False" />
                <line number="281" hits="9" branch="False" />
                <line number="282" hits="9" branch="False" />
                <line number="283" hits="9" branch="False" />
                <line number="284" hits="9" branch="False" />
                <line number="287" hits="2" branch="False" />
                <line number="288" hits="2" branch="False" />
                <line number="290" hits="2" branch="False" />
                <line number="291" hits="14" branch="True" condition-coverage="100% (4/4)">
                  <conditions>
                    <condition number="656" type="jump" coverage="100%" />
                    <condition number="637" type="jump" coverage="100%" />
                  </conditions>
                </line>
                <line number="292" hits="5" branch="False" />
                <line number="293" hits="5" branch="False" />
                <line number="294" hits="5" branch="False" />
                <line number="295" hits="5" branch="False" />
                <line number="297" hits="5" branch="False" />
                <line number="298" hits="5" branch="True" condition-coverage="50% (1/2)">
                  <conditions>
                    <condition number="317" type="jump" coverage="50%" />
                  </conditions>
                </line>
                <line number="299" hits="5" branch="False" />
                <line number="300" hits="5" branch="False" />
                <line number="301" hits="5" branch="True" condition-coverage="100% (2/2)">
                  <conditions>
                    <condition number="342" type="jump" coverage="100%" />
                  </conditions>
                </line>
                <line number="303" hits="5" branch="True" condition-coverage="50% (1/2)">
                  <conditions>
                    <condition number="361" type="jump" coverage="50%" />
                  </conditions>
                </line>
                <line number="304" hits="5" branch="False" />
                <line number="305" hits="5" branch="False" />
                <line number="308" hits="5" branch="False" />
                <line number="309" hits="5" branch="False" />
                <line number="310" hits="26" branch="True" condition-coverage="100% (4/4)">
                  <conditions>
                    <condition number="544" type="jump" coverage="100%" />
                    <condition number="527" type="jump" coverage="100%" />
                  </conditions>
                </line>
                <line number="311" hits="8" branch="False" />
                <line number="312" hits="8" branch="True" condition-coverage="50% (1/2)">
                  <conditions>
                    <condition number="426" type="jump" coverage="50%" />
                  </conditions>
                </line>
                <line number="313" hits="8" branch="False" />
                <line number="314" hits="8" branch="False" />
                <line number="315" hits="8" branch="False" />
                <line number="316" hits="8" branch="False" />
                <line number="319" hits="5" branch="True" condition-coverage="100% (8/8)">
                  <conditions>
                    <condition number="556" type="jump" coverage="100%" />
                    <condition number="565" type="jump" coverage="100%" />
                    <condition number="570" type="jump" coverage="100%" />
                    <condition number="588" type="jump" coverage="100%" />
                  </conditions>
                </line>
                <line number="320" hits="5" branch="False" />
                <line number="321" hits="1" branch="False" />
                <line number="322" hits="1" branch="False" />
                <line number="323" hits="2" branch="True" condition-coverage="100% (2/2)">
                  <conditions>
                    <condition number="614" type="jump" coverage="100%" />
                  </conditions>
                </line>
                <line number="324" hits="1" branch="False" />
                <line number="325" hits="5" branch="False" />
                <line number="328" hits="2" branch="False" />
                <line number="329" hits="2" branch="False" />
                <line number="330" hits="2" branch="True" condition-coverage="100% (2/2)">
                  <conditions>
                    <condition number="708" type="jump" coverage="100%" />
                  </conditions>
                </line>
                <line number="331" hits="2" branch="False" />
                <line number="332" hits="2" branch="False" />
                <line number="333" hits="2" branch="False" />
                <line number="334" hits="2" branch="False" />
                <line number="335" hits="1" branch="False" />
              </lines>
            </method>
            <method name="ProcessCardPlay" signature="(JeffopolyDeal.Models.Player,JeffopolyDeal.Models.Card,JeffopolyDeal.PlayCardRequest)" line-rate="0.9687" branch-rate="0.75" complexity="16">
              <lines>
                <line number="504" hits="84" branch="False" />
                <line number="506" hits="84" branch="True" condition-coverage="100% (2/2)">
                  <conditions>
                    <condition number="9" type="jump" coverage="100%" />
                  </conditions>
                </line>
                <line number="507" hits="15" branch="False" />
                <line number="508" hits="15" branch="False" />
                <line number="509" hits="15" branch="False" />
                <line number="512" hits="69" branch="True" condition-coverage="83.33% (5/6)">
                  <conditions>
                    <condition number="42" type="switch" coverage="83.33%" />
                  </conditions>
                </line>
                <line number="515" hits="1" branch="False" />
                <line number="516" hits="1" branch="False" />
                <line number="519" hits="10" branch="False" />
                <line number="520" hits="10" branch="False" />
                <line number="523" hits="5" branch="True" condition-coverage="100% (2/2)">
                  <conditions>
                    <condition number="133" type="jump" coverage="100%" />
                  </conditions>
                </line>
                <line number="524" hits="2" branch="False" />
                <line number="525" hits="2" branch="True" condition-coverage="100% (2/2)">
                  <conditions>
                    <condition number="155" type="jump" coverage="100%" />
                  </conditions>
                </line>
                <line number="526" hits="1" branch="False" />
                <line number="527" hits="1" branch="False" />
                <line number="528" hits="1" branch="False" />
                <line number="529" hits="1" branch="False" />
                <line number="531" hits="1" branch="False" />
                <line number="533" hits="1" branch="False" />
                <line number="534" hits="1" branch="False" />
                <line number="535" hits="1" branch="False" />
                <line number="536" hits="2" branch="False" />
                <line number="538" hits="3" branch="False" />
                <line number="539" hits="3" branch="True" condition-coverage="25% (1/4)">
                  <conditions>
                    <condition number="249" type="jump" coverage="50%" />
                    <condition number="266" type="jump" coverage="0%" />
                  </conditions>
                </line>
                <line number="540" hits="3" branch="False" />
                <line number="541" hits="3" branch="False" />
                <line number="542" hits="3" branch="False" />
                <line number="543" hits="5" branch="False" />
                <line number="546" hits="13" branch="False" />
                <line number="549" hits="40" branch="False" />
                <line number="552" hits="0" branch="False" />
                <line number="554" hits="84" branch="False" />
              </lines>
            </method>
            <method name="PlayProperty" signature="(JeffopolyDeal.Models.Player,JeffopolyDeal.Models.Card,JeffopolyDeal.Models.PropertyColor)" line-rate="1" branch-rate="1" complexity="1">
              <lines>
                <line number="557" hits="22" branch="False" />
                <line number="558" hits="22" branch="False" />
                <line number="559" hits="22" branch="False" />
                <line number="560" hits="22" branch="False" />
              </lines>
            </method>
            <method name="PlayRent" signature="(JeffopolyDeal.Models.Player,JeffopolyDeal.Models.Card,JeffopolyDeal.PlayCardRequest)" line-rate="0.9606999999999999" branch-rate="0.8665999999999999" complexity="30">
              <lines>
                <line number="563" hits="13" branch="False" />
                <line number="564" hits="13" branch="True" condition-coverage="50% (1/2)">
                  <conditions>
                    <condition number="36" type="jump" coverage="50%" />
                  </conditions>
                </line>
                <line number="565" hits="0" branch="False" />
                <line number="567" hits="13" branch="False" />
                <line number="570" hits="25" branch="False" />
                <line number="571" hits="13" branch="True" condition-coverage="100% (4/4)">
                  <conditions>
                    <condition number="97" type="jump" coverage="100%" />
                    <condition number="120" type="jump" coverage="100%" />
                  </conditions>
                </line>
                <line number="572" hits="1" branch="False" />
                <line number="575" hits="12" branch="True" condition-coverage="83.33% (5/6)">
                  <conditions>
                    <condition number="136" type="jump" coverage="100%" />
                    <condition number="144" type="jump" coverage="50%" />
                    <condition number="176" type="jump" coverage="100%" />
                  </conditions>
                </line>
                <line number="576" hits="1" branch="False" />
                <line number="578" hits="11" branch="False" />
                <line number="581" hits="11" branch="True" condition-coverage="100% (2/2)">
                  <conditions>
                    <condition number="206" type="jump" coverage="100%" />
                  </conditions>
                </line>
                <line number="582" hits="4" branch="False" />
                <line number="583" hits="25" branch="True" condition-coverage="100% (2/2)">
                  <conditions>
                    <condition number="378" type="jump" coverage="100%" />
                  </conditions>
                </line>
                <line number="584" hits="7" branch="False" />
                <line number="585" hits="8" branch="True" condition-coverage="100% (2/2)">
                  <conditions>
                    <condition number="271" type="jump" coverage="100%" />
                  </conditions>
                </line>
                <line number="586" hits="15" branch="True" condition-coverage="100% (2/2)">
                  <conditions>
                    <condition number="12" type="jump" coverage="100%" />
                  </conditions>
                </line>
                <line number="587" hits="6" branch="True" condition-coverage="100% (2/2)">
                  <conditions>
                    <condition number="315" type="jump" coverage="100%" />
                  </conditions>
                </line>
                <line number="588" hits="6" branch="False" />
                <line number="589" hits="6" branch="False" />
                <line number="590" hits="6" branch="False" />
                <line number="591" hits="6" branch="False" />
                <line number="592" hits="6" branch="False" />
                <line number="593" hits="6" branch="False" />
                <line number="594" hits="6" branch="False" />
                <line number="595" hits="4" branch="False" />
                <line number="597" hits="11" branch="False" />
                <line number="600" hits="11" branch="True" condition-coverage="100% (2/2)">
                  <conditions>
                    <condition number="424" type="jump" coverage="100%" />
                  </conditions>
                </line>
                <line number="601" hits="1" branch="False" />
                <line number="603" hits="1" branch="True" condition-coverage="50% (1/2)">
                  <conditions>
                    <condition number="440" type="jump" coverage="50%" />
                  </conditions>
                </line>
                <line number="604" hits="0" branch="False" />
                <line number="605" hits="1" branch="False" />
                <line number="606" hits="1" branch="False" />
                <line number="608" hits="10" branch="False" />
                <line number="610" hits="10" branch="False" />
                <line number="611" hits="22" branch="False" />
                <line number="612" hits="12" branch="False" />
                <line number="613" hits="10" branch="False" />
                <line number="614" hits="10" branch="False" />
                <line number="616" hits="11" branch="True" condition-coverage="75% (3/4)">
                  <conditions>
                    <condition number="546" type="jump" coverage="50%" />
                    <condition number="559" type="jump" coverage="100%" />
                  </conditions>
                </line>
                <line number="617" hits="11" branch="False" />
                <line number="618" hits="11" branch="False" />
                <line number="619" hits="11" branch="False" />
                <line number="620" hits="11" branch="False" />
                <line number="621" hits="11" branch="False" />
                <line number="622" hits="11" branch="False" />
                <line number="623" hits="11" branch="False" />
                <line number="624" hits="11" branch="False" />
                <line number="625" hits="11" branch="False" />
                <line number="626" hits="11" branch="False" />
                <line number="628" hits="11" branch="False" />
                <line number="629" hits="13" branch="False" />
              </lines>
            </method>
            <method name="PlayAction" signature="(JeffopolyDeal.Models.Player,JeffopolyDeal.Models.Card,JeffopolyDeal.PlayCardRequest)" line-rate="0.9894" branch-rate="0.6976" complexity="43">
              <lines>
                <line number="632" hits="40" branch="False" />
                <line number="633" hits="40" branch="True" condition-coverage="84.61% (11/13)">
                  <conditions>
                    <condition number="37" type="jump" coverage="50%" />
                    <condition number="51" type="switch" coverage="90.9%" />
                  </conditions>
                </line>
                <line number="636" hits="2" branch="False" />
                <line number="637" hits="2" branch="False" />
                <line number="638" hits="2" branch="False" />
                <line number="641" hits="14" branch="True" condition-coverage="100% (2/2)">
                  <conditions>
                    <condition number="169" type="jump" coverage="100%" />
                  </conditions>
                </line>
                <line number="642" hits="12" branch="False" />
                <line number="643" hits="12" branch="False" />
                <line number="644" hits="12" branch="False" />
                <line number="645" hits="12" branch="False" />
                <line number="646" hits="12" branch="False" />
                <line number="647" hits="12" branch="False" />
                <line number="648" hits="12" branch="False" />
                <line number="649" hits="12" branch="False" />
                <line number="650" hits="12" branch="False" />
                <line number="651" hits="12" branch="False" />
                <line number="654" hits="3" branch="False" />
                <line number="655" hits="3" branch="False" />
                <line number="656" hits="3" branch="False" />
                <line number="657" hits="3" branch="False" />
                <line number="658" hits="3" branch="False" />
                <line number="659" hits="3" branch="False" />
                <line number="660" hits="3" branch="False" />
                <line number="661" hits="9" branch="False" />
                <line number="662" hits="6" branch="False" />
                <line number="663" hits="3" branch="False" />
                <line number="664" hits="3" branch="False" />
                <line number="665" hits="3" branch="False" />
                <line number="666" hits="3" branch="False" />
                <line number="669" hits="7" branch="True" condition-coverage="50% (2/4)">
                  <conditions>
                    <condition number="459" type="jump" coverage="50%" />
                    <condition number="491" type="jump" coverage="50%" />
                  </conditions>
                </line>
                <line number="670" hits="7" branch="False" />
                <line number="671" hits="21" branch="False" />
                <line number="672" hits="7" branch="True" condition-coverage="50% (1/2)">
                  <conditions>
                    <condition number="536" type="jump" coverage="50%" />
                  </conditions>
                </line>
                <line number="673" hits="7" branch="False" />
                <line number="674" hits="13" branch="False" />
                <line number="675" hits="8" branch="True" condition-coverage="100% (2/2)">
                  <conditions>
                    <condition number="585" type="jump" coverage="100%" />
                  </conditions>
                </line>
                <line number="677" hits="6" branch="False" />
                <line number="678" hits="6" branch="False" />
                <line number="679" hits="6" branch="False" />
                <line number="680" hits="6" branch="False" />
                <line number="681" hits="6" branch="False" />
                <line number="682" hits="6" branch="False" />
                <line number="683" hits="6" branch="False" />
                <line number="684" hits="6" branch="False" />
                <line number="685" hits="6" branch="False" />
                <line number="686" hits="6" branch="False" />
                <line number="687" hits="6" branch="False" />
                <line number="688" hits="6" branch="False" />
                <line number="691" hits="3" branch="True" condition-coverage="50% (3/6)">
                  <conditions>
                    <condition number="745" type="jump" coverage="50%" />
                    <condition number="767" type="jump" coverage="50%" />
                    <condition number="799" type="jump" coverage="50%" />
                  </conditions>
                </line>
                <line number="692" hits="3" branch="False" />
                <line number="693" hits="9" branch="False" />
                <line number="694" hits="3" branch="True" condition-coverage="50% (1/2)">
                  <conditions>
                    <condition number="844" type="jump" coverage="50%" />
                  </conditions>
                </line>
                <line number="695" hits="3" branch="False" />
                <line number="696" hits="5" branch="False" />
                <line number="697" hits="4" branch="True" condition-coverage="100% (2/2)">
                  <conditions>
                    <condition number="893" type="jump" coverage="100%" />
                  </conditions>
                </line>
                <line number="698" hits="2" branch="False" />
                <line number="699" hits="4" branch="False" />
                <line number="700" hits="2" branch="True" condition-coverage="50% (1/2)">
                  <conditions>
                    <condition number="946" type="jump" coverage="50%" />
                  </conditions>
                </line>
                <line number="702" hits="2" branch="False" />
                <line number="703" hits="2" branch="False" />
                <line number="704" hits="2" branch="False" />
                <line number="705" hits="2" branch="False" />
                <line number="706" hits="2" branch="False" />
                <line number="707" hits="2" branch="False" />
                <line number="708" hits="2" branch="False" />
                <line number="709" hits="2" branch="False" />
                <line number="710" hits="2" branch="False" />
                <line number="711" hits="2" branch="False" />
                <line number="712" hits="2" branch="False" />
                <line number="713" hits="2" branch="False" />
                <line number="714" hits="2" branch="False" />
                <line number="715" hits="2" branch="False" />
                <line number="718" hits="4" branch="True" condition-coverage="50% (2/4)">
                  <conditions>
                    <condition number="1138" type="jump" coverage="50%" />
                    <condition number="1170" type="jump" coverage="50%" />
                  </conditions>
                </line>
                <line number="719" hits="4" branch="False" />
                <line number="720" hits="12" branch="False" />
                <line number="721" hits="4" branch="True" condition-coverage="50% (1/2)">
                  <conditions>
                    <condition number="1215" type="jump" coverage="50%" />
                  </conditions>
                </line>
                <line number="722" hits="4" branch="False" />
                <line number="723" hits="8" branch="True" condition-coverage="100% (2/2)">
                  <conditions>
                    <condition number="1260" type="jump" coverage="100%" />
                  </conditions>
                </line>
                <line number="725" hits="3" branch="False" />
                <line number="726" hits="3" branch="False" />
                <line number="727" hits="3" branch="False" />
                <line number="728" hits="3" branch="False" />
                <line number="729" hits="3" branch="False" />
                <line number="730" hits="3" branch="False" />
                <line number="731" hits="3" branch="False" />
                <line number="732" hits="3" branch="False" />
                <line number="733" hits="3" branch="False" />
                <line number="734" hits="3" branch="False" />
                <line number="735" hits="3" branch="False" />
                <line number="738" hits="4" branch="False" />
                <line number="741" hits="2" branch="False" />
                <line number="745" hits="1" branch="False" />
                <line number="749" hits="1" branch="False" />
                <line number="752" hits="0" branch="False" />
                <line number="754" hits="40" branch="False" />
              </lines>
            </method>
            <method name="PlayHouseOrHotel" signature="(JeffopolyDeal.Models.Player,JeffopolyDeal.Models.Card,JeffopolyDeal.PlayCardRequest,System.Boolean)" line-rate="1" branch-rate="0.8332999999999999" complexity="18">
              <lines>
                <line number="757" hits="6" branch="False" />
                <line number="758" hits="6" branch="True" condition-coverage="50% (1/2)">
                  <conditions>
                    <condition number="38" type="jump" coverage="50%" />
                  </conditions>
                </line>
                <line number="760" hits="12" branch="False" />
                <line number="761" hits="7" branch="True" condition-coverage="75% (3/4)">
                  <conditions>
                    <condition number="73" type="jump" coverage="50%" />
                    <condition number="91" type="jump" coverage="100%" />
                  </conditions>
                </line>
                <line number="764" hits="5" branch="True" condition-coverage="100% (4/4)">
                  <conditions>
                    <condition number="105" type="jump" coverage="100%" />
                    <condition number="124" type="jump" coverage="100%" />
                  </conditions>
                </line>
                <line number="765" hits="2" branch="False" />
                <line number="767" hits="3" branch="True" condition-coverage="100% (2/2)">
                  <conditions>
                    <condition number="137" type="jump" coverage="100%" />
                  </conditions>
                </line>
                <line number="768" hits="2" branch="False" />
                <line number="769" hits="3" branch="True" condition-coverage="100% (4/4)">
                  <conditions>
                    <condition number="146" type="jump" coverage="100%" />
                    <condition number="161" type="jump" coverage="100%" />
                  </conditions>
                </line>
                <line number="770" hits="1" branch="False" />
                <line number="771" hits="1" branch="False" />
                <line number="773" hits="1" branch="False" />
                <line number="774" hits="1" branch="True" condition-coverage="50% (1/2)">
                  <conditions>
                    <condition number="190" type="jump" coverage="50%" />
                  </conditions>
                </line>
                <line number="775" hits="1" branch="False" />
                <line number="776" hits="1" branch="False" />
                <line number="778" hits="2" branch="False" />
                <line number="779" hits="2" branch="False" />
                <line number="780" hits="6" branch="False" />
              </lines>
[...]
              </lines>
            </method>
          </methods>
          <lines>
            <line number="59" hits="0" branch="False" />
            <line number="61" hits="0" branch="False" />
            <line number="62" hits="0" branch="True" condition-coverage="0% (0/2)">
              <conditions>
                <condition number="40" type="jump" coverage="0%" />
              </conditions>
            </line>
            <line number="63" hits="0" branch="True" condition-coverage="0% (0/2)">
              <conditions>
                <condition number="62" type="jump" coverage="0%" />
              </conditions>
            </line>
            <line number="64" hits="0" branch="True" condition-coverage="0% (0/2)">
              <conditions>
                <condition number="86" type="jump" coverage="0%" />
              </conditions>
            </line>
            <line number="65" hits="0" branch="False" />
            <line number="67" hits="0" branch="False" />
            <line number="68" hits="0" branch="False" />
            <line number="69" hits="0" branch="False" />
            <line number="70" hits="0" branch="False" />
            <line number="72" hits="0" branch="False" />
          </lines>
        </class>
        <class name="JeffopolyDeal.Hubs.GameHub/&lt;RespondToAction&gt;d__13" filename="Hubs/GameHub.cs" line-rate="0" branch-rate="1" complexity="1">
          <methods>
            <method name="MoveNext" signature="()" line-rate="0" branch-rate="1" complexity="1">
              <lines>
                <line number="152" hits="0" branch="False" />
                <line number="154" hits="0" branch="False" />
                <line number="155" hits="0" branch="False" />
                <line number="156" hits="0" branch="False" />
                <line number="157" hits="0" branch="False" />
                <line number="158" hits="0" branch="False" />
                <line number="159" hits="0" branch="False" />
                <line number="160" hits="0" branch="False" />
                <line number="161" hits="0" branch="False" />
              </lines>
            </method>
          </methods>
          <lines>
            <line number="152" hits="0" branch="False" />
            <line number="154" hits="0" branch="False" />
            <line number="155" hits="0" branch="False" />
            <line number="156" hits="0" branch="False" />
            <line number="157" hits="0" branch="False" />
            <line number="158" hits="0" branch="False" />
            <line number="159" hits="0" branch="False" />
            <line number="160" hits="0" branch="False" />
            <line number="161" hits="0" branch="False" />
          </lines>
        </class>
        <class name="JeffopolyDeal.Hubs.GameHub/&lt;StartGame&gt;d__7" filename="Hubs/GameHub.cs" line-rate="0" branch-rate="0" complexity="2">
          <methods>
            <method name="MoveNext" signature="()" line-rate="0" branch-rate="0" complexity="2">
              <lines>
                <line number="79" hits="0" branch="False" />
                <line number="81" hits="0" branch="False" />
                <line number="82" hits="0" branch="True" condition-coverage="0% (0/2)">
                  <conditions>
                    <condition number="37" type="jump" coverage="0%" />
                  </conditions>
                </line>
                <line number="83" hits="0" branch="False" />
                <line number="84" hits="0" branch="False" />
                <line number="85" hits="0" branch="False" />
                <line number="86" hits="0" branch="False" />
                <line number="87" hits="0" branch="False" />
                <line number="88" hits="0" branch="False" />
                <line number="89" hits="0" branch="False" />
              </lines>
            </method>
          </methods>
          <lines>
            <line number="79" hits="0" branch="False" />
            <line number="81" hits="0" branch="False" />
            <line number="82" hits="0" branch="True" condition-coverage="0% (0/2)">
              <conditions>
                <condition number="37" type="jump" coverage="0%" />
              </conditions>
            </line>
            <line number="83" hits="0" branch="False" />
            <line number="84" hits="0" branch="False" />
            <line number="85" hits="0" branch="False" />
            <line number="86" hits="0" branch="False" />
            <line number="87" hits="0" branch="False" />
            <line number="88" hits="0" branch="False" />
            <line number="89" hits="0" branch="False" />
          </lines>
        </class>
        <class name="JeffopolyDeal.Cards.CardPlayabilityContext" filename="Cards/ICard.cs" line-rate="1" branch-rate="1" complexity="2">
          <methods>
            <method name="get_Player" signature="()" line-rate="1" branch-rate="1" complexity="1">
              <lines>
                <line number="9" hits="8033" branch="False" />
              </lines>
            </method>
            <method name="get_Players" signature="()" line-rate="1" branch-rate="1" complexity="1">
              <lines>
                <line number="10" hits="5749" branch="False" />
              </lines>
            </method>
          </methods>
          <lines>
            <line number="9" hits="8033" branch="False" />
            <line number="10" hits="5749" branch="False" />
          </lines>
        </class>
        <class name="JeffopolyDeal.Cards.CardFactory" filename="Cards/ICard.cs" line-rate="0.909" branch-rate="0.8332999999999999" complexity="6">
          <methods>
            <method name="Create" signature="(JeffopolyDeal.Models.Card)" line-rate="0.909" branch-rate="0.8332999999999999" complexity="6">
              <lines>
                <line number="21" hits="4350" branch="False" />
                <line number="22" hits="4350" branch="True" condition-coverage="83.33% (5/6)">
                  <conditions>
                    <condition number="13" type="switch" coverage="83.33%" />
                  </conditions>
                </line>
                <line number="23" hits="4350" branch="False" />
                <line number="24" hits="830" branch="False" />
                <line number="25" hits="1156" branch="False" />
                <line number="26" hits="465" branch="False" />
                <line number="27" hits="500" branch="False" />
                <line number="28" hits="1399" branch="False" />
                <line number="29" hits="0" branch="False" />
                <line number="30" hits="4350" branch="False" />
                <line number="31" hits="4350" branch="False" />
              </lines>
            </method>
          </methods>
          <lines>
            <line number="21" hits="4350" branch="False" />
            <line number="22" hits="4350" branch="True" condition-coverage="83.33% (5/6)">
              <conditions>
                <condition number="13" type="switch" coverage="83.33%" />
              </conditions>
            </line>
            <line number="23" hits="4350" branch="False" />
            <line number="24" hits="830" branch="False" />
            <line number="25" hits="1156" branch="False" />
            <line number="26" hits="465" branch="False" />
            <line number="27" hits="500" branch="False" />
            <line number="28" hits="1399" branch="False" />
            <line number="29" hits="0" branch="False" />
            <line number="30" hits="4350" branch="False" />
            <line number="31" hits="4350" branch="False" />
          </lines>
        </class>
        <class name="JeffopolyDeal.Cards.MoneyCard" filename="Cards/ICard.cs" line-rate="1" branch-rate="1" complexity="1">
          <methods>
            <method name="IsPlayable" signature="(JeffopolyDeal.Cards.CardPlayabilityContext)" line-rate="1" branch-rate="1" complexity="1">
              <lines>
                <line number="36" hits="830" branch="False" />
              </lines>
            </method>
          </methods>
          <lines>
            <line number="36" hits="830" branch="False" />
          </lines>
        </class>
        <class name="JeffopolyDeal.Cards.PropertyCard" filename="Cards/ICard.cs" line-rate="1" branch-rate="1" complexity="1">
          <methods>
            <method name="IsPlayable" signature="(JeffopolyDeal.Cards.CardPlayabilityContext)" line-rate="1" branch-rate="1" complexity="1">
              <lines>
                <line number="41" hits="1156" branch="False" />
              </lines>
            </method>
          </methods>
          <lines>
            <line number="41" hits="1156" branch="False" />
          </lines>
        </class>
        <class name="JeffopolyDeal.Cards.PropertyWildcardCard" filename="Cards/ICard.cs" line-rate="1" branch-rate="1" complexity="1">
          <methods>
            <method name="IsPlayable" signature="(JeffopolyDeal.Cards.CardPlayabilityContext)" line-rate="1" branch-rate="1" complexity="1">
              <lines>
                <line number="46" hits="465" branch="False" />
              </lines>
            </method>
          </methods>
          <lines>
            <line number="46" hits="465" branch="False" />
          </lines>
        </class>
        <class name="JeffopolyDeal.Cards.RentCard" filename="Cards/ICard.cs" line-rate="1" branch-rate="0.75" complexity="5">
          <methods>
            <method name="IsPlayable" signature="(JeffopolyDeal.Cards.CardPlayabilityContext)" line-rate="1" branch-rate="1" complexity="2">
              <lines>
                <line number="59" hits="500" branch="False" />
                <line number="60" hits="500" branch="False" />
                <line number="61" hits="52" branch="False" />
                <line number="62" hits="52" branch="False" />
                <line number="63" hits="500" branch="False" />
                <line number="65" hits="615" branch="True" condition-coverage="100% (2/2)">
                  <conditions>
                    <condition number="103" type="jump" coverage="100%" />
                  </conditions>
                </line>
                <line number="66" hits="421" branch="False" />
                <line number="67" hits="500" branch="False" />
              </lines>
            </method>
            <method name=".ctor" signature="(JeffopolyDeal.Models.Card)" line-rate="1" branch-rate="1" complexity="1">
              <lines>
                <line number="53" hits="500" branch="False" />
                <line number="54" hits="500" branch="False" />
                <line number="55" hits="500" branch="False" />
                <line number="56" hits="500" branch="False" />
              </lines>
            </method>
          </methods>
          <lines>
            <line number="59" hits="500" branch="False" />
            <line number="60" hits="500" branch="False" />
            <line number="61" hits="52" branch="False" />
            <line number="62" hits="52" branch="False" />
            <line number="63" hits="500" branch="False" />
            <line number="65" hits="615" branch="True" condition-coverage="100% (2/2)">
              <conditions>
                <condition number="103" type="jump" coverage="100%" />
              </conditions>
            </line>
            <line number="66" hits="421" branch="False" />
            <line number="67" hits="500" branch="False" />
            <line number="53" hits="500" branch="False" />
            <line number="54" hits="500" branch="False" />
            <line number="55" hits="500" branch="False" />
            <line number="56" hits="500" branch="False" />
          </lines>
        </class>
        <class name="JeffopolyDeal.Cards.ActionCard" filename="Cards/ICard.cs" line-rate="0.9687" branch-rate="0.8965000000000001" complexity="30">
          <methods>
            <method name="IsPlayable" signature="(JeffopolyDeal.Cards.CardPlayabilityContext)" line-rate="0.9565" branch-rate="0.88" complexity="25">
              <lines>
                <line number="80" hits="1399" branch="False" />
                <line number="81" hits="1399" branch="True" condition-coverage="50% (1/2)">
                  <conditions>
                    <condition number="38" type="jump" coverage="50%" />
                  </conditions>
                </line>
                <line number="83" hits="1399" branch="False" />
                <line number="84" hits="2915" branch="False" />
                <line number="85" hits="1399" branch="False" />
                <line number="87" hits="1399" branch="True" condition-coverage="84.61% (11/13)">
                  <conditions>
                    <condition number="106" type="jump" coverage="50%" />
                    <condition number="122" type="switch" coverage="90.9%" />
                  </conditions>
                </line>
                <line number="90" hits="467" branch="False" />
                <line number="93" hits="261" branch="False" />
                <line number="95" hits="235" branch="False" />
                <line number="97" hits="94" branch="True" condition-coverage="100% (2/2)">
                  <conditions>
                    <condition number="262" type="jump" coverage="100%" />
                  </conditions>
                </line>
                <line number="98" hits="107" branch="False" />
                <line number="100" hits="189" branch="False" />
                <line number="102" hits="104" branch="False" />
                <line number="103" hits="115" branch="True" condition-coverage="100% (4/4)">
                  <conditions>
                    <condition number="6" type="jump" coverage="100%" />
                    <condition number="14" type="jump" coverage="100%" />
                  </conditions>
                </line>
                <line number="104" hits="115" branch="False" />
                <line number="105" hits="115" branch="False" />
                <line number="107" hits="70" branch="False" />
                <line number="108" hits="79" branch="True" condition-coverage="100% (4/4)">
                  <conditions>
                    <condition number="6" type="jump" coverage="100%" />
                    <condition number="14" type="jump" coverage="100%" />
                  </conditions>
                </line>
                <line number="109" hits="79" branch="False" />
                <line number="110" hits="79" branch="False" />
                <line number="113" hits="198" branch="False" />
                <line number="115" hits="0" branch="False" />
                <line number="117" hits="1399" branch="False" />
              </lines>
            </method>
            <method name="IsEligibleForBuilding" signature="(JeffopolyDeal.Models.PropertySet)" line-rate="1" branch-rate="1" complexity="4">
              <lines>
                <line number="120" hits="20" branch="False" />
                <line number="121" hits="20" branch="True" condition-coverage="100% (4/4)">
                  <conditions>
                    <condition number="7" type="jump" coverage="100%" />
                    <condition number="16" type="jump" coverage="100%" />
                  </conditions>
                </line>
                <line number="122" hits="20" branch="False" />
                <line number="123" hits="20" branch="False" />
                <line number="124" hits="20" branch="False" />
              </lines>
            </method>
            <method name=".ctor" signature="(JeffopolyDeal.Models.Card)" line-rate="1" branch-rate="1" complexity="1">
              <lines>
                <line number="74" hits="1399" branch="False" />
                <line number="75" hits="1399" branch="False" />
                <line number="76" hits="1399" branch="False" />
                <line number="77" hits="1399" branch="False" />
              </lines>
            </method>
          </methods>
          <lines>
            <line number="80" hits="1399" branch="False" />
            <line number="81" hits="1399" branch="True" condition-coverage="50% (1/2)">
              <conditions>
                <condition number="38" type="jump" coverage="50%" />
              </conditions>
            </line>
            <line number="83" hits="1399" branch="False" />
            <line number="84" hits="2915" branch="False" />
            <line number="85" hits="1399" branch="False" />
            <line number="87" hits="1399" branch="True" condition-coverage="84.61% (11/13)">
              <conditions>
                <condition number="106" type="jump" coverage="50%" />
                <condition number="122" type="switch" coverage="90.9%" />
              </conditions>
            </line>
            <line number="90" hits="467" branch="False" />
            <line number="93" hits="261" branch="False" />
            <line number="95" hits="235" branch="False" />
            <line number="97" hits="94" branch="True" condition-coverage="100% (2/2)">
              <conditions>
                <condition number="262" type="jump" coverage="100%" />
              </conditions>
            </line>
            <line number="98" hits="107" branch="False" />
            <line number="100" hits="189" branch="False" />
            <line number="102" hits="104" branch="False" />
            <line number="103" hits="115" branch="True" condition-coverage="100% (4/4)">
              <conditions>
                <condition number="6" type="jump" coverage="100%" />
                <condition number="14" type="jump" coverage="100%" />
              </conditions>
            </line>
            <line number="104" hits="115" branch="False" />
            <line number="105" hits="115" branch="False" />
            <line number="107" hits="70" branch="False" />
            <line number="108" hits="79" branch="True" condition-coverage="100% (4/4)">
              <conditions>
                <condition number="6" type="jump" coverage="100%" />
                <condition number="14" type="jump" coverage="100%" />
              </conditions>
            </line>
            <line number="109" hits="79" branch="False" />
            <line number="110" hits="79" branch="False" />
            <line number="113" hits="198" branch="False" />
            <line number="115" hits="0" branch="False" />
            <line number="117" hits="1399" branch="False" />
            <line number="120" hits="20" branch="False" />
            <line number="121" hits="20" branch="True" condition-coverage="100% (4/4)">
              <conditions>
                <condition number="7" type="jump" coverage="100%" />
                <condition number="16" type="jump" coverage="100%" />
              </conditions>
            </line>
            <line number="122" hits="20" branch="False" />
            <line number="123" hits="20" branch="False" />
            <line number="124" hits="20" branch="False" />
            <line number="74" hits="1399" branch="False" />
            <line number="75" hits="1399" branch="False" />
            <line number="76" hits="1399" branch="False" />
            <line number="77" hits="1399" branch="False" />
          </lines>
        </class>
        <class name="JeffopolyDeal.Cards.UnplayableCard" filename="Cards/ICard.cs" line-rate="0" branch-rate="1" complexity="1">
          <methods>
            <method name="IsPlayable" signature="(JeffopolyDeal.Cards.CardPlayabilityContext)" line-rate="0" branch-rate="1" complexity="1">
              <lines>
                <line number="129" hits="0" branch="False" />
              </lines>
            </method>
          </methods>
          <lines>
            <line number="129" hits="0" branch="False" />
          </lines>
        </class>
      </classes>
    </package>
  </packages>
</coverage>